<?xml version="1.0" encoding="UTF-8"?>
<!-- Generated by org.testng.reporters.JUnitReportReporter -->
<testsuite hostname="MSI" failures="0" tests="3" name="Demo.TestNGDependencyDemo" time="0.008" errors="0" timestamp="2022-06-16T14:32:47 SGT" skipped="0">
  <testcase classname="Demo.TestNGDependencyDemo" name="test2" time="0.007"/>
  <system-out/>
  <testcase classname="Demo.TestNGDependencyDemo" name="test1" time="0.000"/>
  <system-out/>
  <testcase classname="Demo.TestNGDependencyDemo" name="test3" time="0.001"/>
  <system-out/>
</testsuite> <!-- Demo.TestNGDependencyDemo -->
