<?xml version="1.0" encoding="UTF-8"?>
<!-- Generated by org.testng.reporters.JUnitReportReporter -->
<testsuite hostname="MSI" failures="0" tests="1" name="Demo.TestNGParametersDemo" time="0.007" errors="0" timestamp="2022-06-16T12:14:25 SGT" skipped="0">
  <testcase classname="Demo.TestNGParametersDemo" name="test" time="0.007"/>
  <system-out/>
</testsuite> <!-- Demo.TestNGParametersDemo -->
