<?xml version="1.0" encoding="UTF-8"?>
<!-- Generated by org.testng.reporters.JUnitReportReporter -->
<testsuite hostname="MSI" failures="0" tests="4" name="Demo.TestNGGroupsDemo" time="0.009" errors="0" timestamp="2022-06-15T17:02:17 SGT" skipped="0">
  <testcase classname="Demo.TestNGGroupsDemo" name="test3" time="0.000"/>
  <system-out/>
  <testcase classname="Demo.TestNGGroupsDemo" name="test1" time="0.008"/>
  <system-out/>
  <testcase classname="Demo.TestNGGroupsDemo" name="test4" time="0.000"/>
  <system-out/>
  <testcase classname="Demo.TestNGGroupsDemo" name="test2" time="0.001"/>
  <system-out/>
</testsuite> <!-- Demo.TestNGGroupsDemo -->
