<?xml version="1.0" encoding="UTF-8"?>
<!-- Generated by org.testng.reporters.JUnitReportReporter -->
<testsuite hostname="MSI" failures="0" tests="2" name="Utils.ExcelDataProvider" time="0.006" errors="0" timestamp="2022-06-09T15:42:50 SGT" skipped="0">
  <testcase classname="Utils.ExcelDataProvider" name="test1" time="0.005"/>
  <system-out/>
  <testcase classname="Utils.ExcelDataProvider" name="test1" time="0.001"/>
  <system-out/>
</testsuite> <!-- Utils.ExcelDataProvider -->
